<?xml version="1.0" encoding="UTF-8"?>
<testng-results ignored="0" total="2" passed="2" failed="0" skipped="0">
  <reporter-output>
  </reporter-output>
  <suite started-at="2025-01-03T19:45:25 IST" name="Suite" finished-at="2025-01-03T19:46:04 IST" duration-ms="39218">
    <groups>
    </groups>
    <test started-at="2025-01-03T19:45:25 IST" name="Test" finished-at="2025-01-03T19:46:04 IST" duration-ms="39218">
      <class name="Tests.ApiDemoTest">
        <test-method is-config="true" signature="start()[pri:0, instance:Tests.ApiDemoTest@54336c81]" started-at="2025-01-03T19:45:26 IST" name="start" finished-at="2025-01-03T19:45:46 IST" duration-ms="19344" status="PASS">
          <reporter-output>
          </reporter-output>
        </test-method> <!-- start -->
        <test-method signature="validateButtonTest()[pri:1, instance:Tests.ApiDemoTest@54336c81]" started-at="2025-01-03T19:45:46 IST" name="validateButtonTest" finished-at="2025-01-03T19:45:49 IST" duration-ms="2958" status="PASS">
          <reporter-output>
          </reporter-output>
        </test-method> <!-- validateButtonTest -->
        <test-method is-config="true" signature="teardown()[pri:0, instance:Tests.ApiDemoTest@54336c81]" started-at="2025-01-03T19:45:49 IST" name="teardown" finished-at="2025-01-03T19:45:50 IST" duration-ms="1037" status="PASS">
          <reporter-output>
          </reporter-output>
        </test-method> <!-- teardown -->
        <test-method is-config="true" signature="start()[pri:0, instance:Tests.ApiDemoTest@54336c81]" started-at="2025-01-03T19:45:50 IST" name="start" finished-at="2025-01-03T19:46:02 IST" duration-ms="11672" status="PASS">
          <reporter-output>
          </reporter-output>
        </test-method> <!-- start -->
        <test-method signature="validateText()[pri:2, instance:Tests.ApiDemoTest@54336c81]" started-at="2025-01-03T19:46:02 IST" name="validateText" finished-at="2025-01-03T19:46:02 IST" duration-ms="10" status="PASS">
          <reporter-output>
          </reporter-output>
        </test-method> <!-- validateText -->
        <test-method is-config="true" signature="teardown()[pri:0, instance:Tests.ApiDemoTest@54336c81]" started-at="2025-01-03T19:46:03 IST" name="teardown" finished-at="2025-01-03T19:46:04 IST" duration-ms="1192" status="PASS">
          <reporter-output>
          </reporter-output>
        </test-method> <!-- teardown -->
      </class> <!-- Tests.ApiDemoTest -->
    </test> <!-- Test -->
  </suite> <!-- Suite -->
</testng-results>
